<?xml version="1.0" encoding="UTF-8"?>
<!-- Generated by org.testng.reporters.JUnitXMLReporter -->
<testsuite ignored="0" hostname="raza" failures="1" tests="1" name="ChromeTest" time="10.779" errors="0" timestamp="2023-07-01T12:35:26 IST">
  <testcase classname="crossBrowserTesting.browserTest" name="google" time="2.814">
    <failure type="java.lang.AssertionError" message="expected [true] but found [false]">
      <![CDATA[java.lang.AssertionError: expected [true] but found [false]
at crossBrowserTesting.browserTest.google(browserTest.java:47)
at java.base/java.util.ArrayList.forEach(ArrayList.java:1511)
... Removed 32 stack frames]]>
    </failure>
  </testcase> <!-- google -->
</testsuite> <!-- ChromeTest -->
